sample.interval=20000
"gsub" "clean" "FUN" "lapply" "sapply" "create.fvm.corpus" "eval" "eval" "withVisible" "source" 
"match" "textConnection" "scan" "FUN" "lapply" "sapply" "create.fvm.corpus" "eval" "eval" "withVisible" "source" 
"gsub" "clean" "FUN" "lapply" "sapply" "create.fvm.corpus" "eval" "eval" "withVisible" "source" 
"gsub" "clean" "FUN" "lapply" "sapply" "create.fvm.corpus" "eval" "eval" "withVisible" "source" 
"scan" "FUN" "lapply" "sapply" "create.fvm.corpus" "eval" "eval" "withVisible" "source" 
"unlist" "create.fvm.corpus" "eval" "eval" "withVisible" "source" 
"unlist" "create.fvm.corpus" "eval" "eval" "withVisible" "source" 
"c" "create.fvm.corpus" "eval" "eval" "withVisible" "source" 
"matrix" "create.fvm.corpus" "eval" "eval" "withVisible" "source" 
"matrix" "create.fvm.corpus" "eval" "eval" "withVisible" "source" 
"matrix" "create.fvm.corpus" "eval" "eval" "withVisible" "source" 
"matrix" "create.fvm.corpus" "eval" "eval" "withVisible" "source" 
"[" "create.fvm.corpus" "eval" "eval" "withVisible" "source" 
"create.fvm.corpus" "eval" "eval" "withVisible" "source" 
"create.fvm.corpus" "eval" "eval" "withVisible" "source" 
"create.fvm.corpus" "eval" "eval" "withVisible" "source" 
"[" "create.fvm.corpus" "eval" "eval" "withVisible" "source" 
"create.fvm.corpus" "eval" "eval" "withVisible" "source" 
"[" "create.fvm.corpus" "eval" "eval" "withVisible" "source" 
"[" "create.fvm.corpus" "eval" "eval" "withVisible" "source" 
"create.fvm.corpus" "eval" "eval" "withVisible" "source" 
"create.fvm.corpus" "eval" "eval" "withVisible" "source" 
"create.fvm.corpus" "eval" "eval" "withVisible" "source" 
"create.fvm.corpus" "eval" "eval" "withVisible" "source" 
"create.fvm.corpus" "eval" "eval" "withVisible" "source" 
"create.fvm.corpus" "eval" "eval" "withVisible" "source" 
"create.fvm.corpus" "eval" "eval" "withVisible" "source" 
"create.fvm.corpus" "eval" "eval" "withVisible" "source" 
"create.fvm.corpus" "eval" "eval" "withVisible" "source" 
"[" "create.fvm.corpus" "eval" "eval" "withVisible" "source" 
"[" "create.fvm.corpus" "eval" "eval" "withVisible" "source" 
"create.fvm.corpus" "eval" "eval" "withVisible" "source" 
"[" "create.fvm.corpus" "eval" "eval" "withVisible" "source" 
"create.fvm.corpus" "eval" "eval" "withVisible" "source" 
"create.fvm.corpus" "eval" "eval" "withVisible" "source" 
"create.fvm.corpus" "eval" "eval" "withVisible" "source" 
"create.fvm.corpus" "eval" "eval" "withVisible" "source" 
"create.fvm.corpus" "eval" "eval" "withVisible" "source" 
"create.fvm.corpus" "eval" "eval" "withVisible" "source" 
"create.fvm.corpus" "eval" "eval" "withVisible" "source" 
"sort.list" "factor" "table" "create.fvm.corpus" "eval" "eval" "withVisible" "source" 
"create.fvm.corpus" "eval" "eval" "withVisible" "source" 
"[" "create.fvm.corpus" "eval" "eval" "withVisible" "source" 
"+" "create.fvm.corpus" "eval" "eval" "withVisible" "source" 
"[" "create.fvm.corpus" "eval" "eval" "withVisible" "source" 
"create.fvm.corpus" "eval" "eval" "withVisible" "source" 
"create.fvm.corpus" "eval" "eval" "withVisible" "source" 
"create.fvm.corpus" "eval" "eval" "withVisible" "source" 
"create.fvm.corpus" "eval" "eval" "withVisible" "source" 
"create.fvm.corpus" "eval" "eval" "withVisible" "source" 
"create.fvm.corpus" "eval" "eval" "withVisible" "source" 
"create.fvm.corpus" "eval" "eval" "withVisible" "source" 
"create.fvm.corpus" "eval" "eval" "withVisible" "source" 
"[" "create.fvm.corpus" "eval" "eval" "withVisible" "source" 
"create.fvm.corpus" "eval" "eval" "withVisible" "source" 
"[" "create.fvm.corpus" "eval" "eval" "withVisible" "source" 
"[" "create.fvm.corpus" "eval" "eval" "withVisible" "source" 
"+" "create.fvm.corpus" "eval" "eval" "withVisible" "source" 
"create.fvm.corpus" "eval" "eval" "withVisible" "source" 
"[" "create.fvm.corpus" "eval" "eval" "withVisible" "source" 
"create.fvm.corpus" "eval" "eval" "withVisible" "source" 
"create.fvm.corpus" "eval" "eval" "withVisible" "source" 
"create.fvm.corpus" "eval" "eval" "withVisible" "source" 
"[" "create.fvm.corpus" "eval" "eval" "withVisible" "source" 
"create.fvm.corpus" "eval" "eval" "withVisible" "source" 
"+" "create.fvm.corpus" "eval" "eval" "withVisible" "source" 
"create.fvm.corpus" "eval" "eval" "withVisible" "source" 
"create.fvm.corpus" "eval" "eval" "withVisible" "source" 
"[" "create.fvm.corpus" "eval" "eval" "withVisible" "source" 
"create.fvm.corpus" "eval" "eval" "withVisible" "source" 
"create.fvm.corpus" "eval" "eval" "withVisible" "source" 
"create.fvm.corpus" "eval" "eval" "withVisible" "source" 
"create.fvm.corpus" "eval" "eval" "withVisible" "source" 
"create.fvm.corpus" "eval" "eval" "withVisible" "source" 
"create.fvm.corpus" "eval" "eval" "withVisible" "source" 
"create.fvm.corpus" "eval" "eval" "withVisible" "source" 
"create.fvm.corpus" "eval" "eval" "withVisible" "source" 
"[" "create.fvm.corpus" "eval" "eval" "withVisible" "source" 
"create.fvm.corpus" "eval" "eval" "withVisible" "source" 
"create.fvm.corpus" "eval" "eval" "withVisible" "source" 
"create.fvm.corpus" "eval" "eval" "withVisible" "source" 
"create.fvm.corpus" "eval" "eval" "withVisible" "source" 
"create.fvm.corpus" "eval" "eval" "withVisible" "source" 
"create.fvm.corpus" "eval" "eval" "withVisible" "source" 
"[" "create.fvm.corpus" "eval" "eval" "withVisible" "source" 
"[" "create.fvm.corpus" "eval" "eval" "withVisible" "source" 
"[" "create.fvm.corpus" "eval" "eval" "withVisible" "source" 
"[" "create.fvm.corpus" "eval" "eval" "withVisible" "source" 
"create.fvm.corpus" "eval" "eval" "withVisible" "source" 
"create.fvm.corpus" "eval" "eval" "withVisible" "source" 
"[" "create.fvm.corpus" "eval" "eval" "withVisible" "source" 
"create.fvm.corpus" "eval" "eval" "withVisible" "source" 
"create.fvm.corpus" "eval" "eval" "withVisible" "source" 
"create.fvm.corpus" "eval" "eval" "withVisible" "source" 
"create.fvm.corpus" "eval" "eval" "withVisible" "source" 
"[" "create.fvm.corpus" "eval" "eval" "withVisible" "source" 
"create.fvm.corpus" "eval" "eval" "withVisible" "source" 
"create.fvm.corpus" "eval" "eval" "withVisible" "source" 
"[" "create.fvm.corpus" "eval" "eval" "withVisible" "source" 
"create.fvm.corpus" "eval" "eval" "withVisible" "source" 
"create.fvm.corpus" "eval" "eval" "withVisible" "source" 
"create.fvm.corpus" "eval" "eval" "withVisible" "source" 
"create.fvm.corpus" "eval" "eval" "withVisible" "source" 
"create.fvm.corpus" "eval" "eval" "withVisible" "source" 
"create.fvm.corpus" "eval" "eval" "withVisible" "source" 
"create.fvm.corpus" "eval" "eval" "withVisible" "source" 
"create.fvm.corpus" "eval" "eval" "withVisible" "source" 
"create.fvm.corpus" "eval" "eval" "withVisible" "source" 
"create.fvm.corpus" "eval" "eval" "withVisible" "source" 
"create.fvm.corpus" "eval" "eval" "withVisible" "source" 
"create.fvm.corpus" "eval" "eval" "withVisible" "source" 
"[" "create.fvm.corpus" "eval" "eval" "withVisible" "source" 
"[" "create.fvm.corpus" "eval" "eval" "withVisible" "source" 
"+" "create.fvm.corpus" "eval" "eval" "withVisible" "source" 
"create.fvm.corpus" "eval" "eval" "withVisible" "source" 
"create.fvm.corpus" "eval" "eval" "withVisible" "source" 
"create.fvm.corpus" "eval" "eval" "withVisible" "source" 
"create.fvm.corpus" "eval" "eval" "withVisible" "source" 
"create.fvm.corpus" "eval" "eval" "withVisible" "source" 
"create.fvm.corpus" "eval" "eval" "withVisible" "source" 
"create.fvm.corpus" "eval" "eval" "withVisible" "source" 
"sort.list" "factor" "table" "create.fvm.corpus" "eval" "eval" "withVisible" "source" 
"create.fvm.corpus" "eval" "eval" "withVisible" "source" 
"create.fvm.corpus" "eval" "eval" "withVisible" "source" 
"create.fvm.corpus" "eval" "eval" "withVisible" "source" 
"create.fvm.corpus" "eval" "eval" "withVisible" "source" 
"create.fvm.corpus" "eval" "eval" "withVisible" "source" 
"create.fvm.corpus" "eval" "eval" "withVisible" "source" 
"create.fvm.corpus" "eval" "eval" "withVisible" "source" 
"create.fvm.corpus" "eval" "eval" "withVisible" "source" 
"[" "create.fvm.corpus" "eval" "eval" "withVisible" "source" 
"create.fvm.corpus" "eval" "eval" "withVisible" "source" 
"[" "create.fvm.corpus" "eval" "eval" "withVisible" "source" 
"create.fvm.corpus" "eval" "eval" "withVisible" "source" 
"create.fvm.corpus" "eval" "eval" "withVisible" "source" 
"create.fvm.corpus" "eval" "eval" "withVisible" "source" 
"create.fvm.corpus" "eval" "eval" "withVisible" "source" 
"[" "create.fvm.corpus" "eval" "eval" "withVisible" "source" 
"[" "create.fvm.corpus" "eval" "eval" "withVisible" "source" 
"+" "create.fvm.corpus" "eval" "eval" "withVisible" "source" 
"create.fvm.corpus" "eval" "eval" "withVisible" "source" 
"create.fvm.corpus" "eval" "eval" "withVisible" "source" 
"create.fvm.corpus" "eval" "eval" "withVisible" "source" 
"create.fvm.corpus" "eval" "eval" "withVisible" "source" 
"[" "create.fvm.corpus" "eval" "eval" "withVisible" "source" 
"create.fvm.corpus" "eval" "eval" "withVisible" "source" 
"create.fvm.corpus" "eval" "eval" "withVisible" "source" 
"[" "create.fvm.corpus" "eval" "eval" "withVisible" "source" 
"create.fvm.corpus" "eval" "eval" "withVisible" "source" 
"create.fvm.corpus" "eval" "eval" "withVisible" "source" 
"[" "create.fvm.corpus" "eval" "eval" "withVisible" "source" 
"create.fvm.corpus" "eval" "eval" "withVisible" "source" 
"[" "create.fvm.corpus" "eval" "eval" "withVisible" "source" 
"create.fvm.corpus" "eval" "eval" "withVisible" "source" 
"create.fvm.corpus" "eval" "eval" "withVisible" "source" 
"[" "create.fvm.corpus" "eval" "eval" "withVisible" "source" 
"[" "create.fvm.corpus" "eval" "eval" "withVisible" "source" 
"create.fvm.corpus" "eval" "eval" "withVisible" "source" 
"create.fvm.corpus" "eval" "eval" "withVisible" "source" 
"[" "create.fvm.corpus" "eval" "eval" "withVisible" "source" 
"create.fvm.corpus" "eval" "eval" "withVisible" "source" 
"create.fvm.corpus" "eval" "eval" "withVisible" "source" 
"create.fvm.corpus" "eval" "eval" "withVisible" "source" 
"create.fvm.corpus" "eval" "eval" "withVisible" "source" 
"create.fvm.corpus" "eval" "eval" "withVisible" "source" 
"[" "create.fvm.corpus" "eval" "eval" "withVisible" "source" 
"create.fvm.corpus" "eval" "eval" "withVisible" "source" 
"create.fvm.corpus" "eval" "eval" "withVisible" "source" 
"create.fvm.corpus" "eval" "eval" "withVisible" "source" 
"[" "create.fvm.corpus" "eval" "eval" "withVisible" "source" 
"create.fvm.corpus" "eval" "eval" "withVisible" "source" 
"create.fvm.corpus" "eval" "eval" "withVisible" "source" 
"create.fvm.corpus" "eval" "eval" "withVisible" "source" 
"create.fvm.corpus" "eval" "eval" "withVisible" "source" 
"create.fvm.corpus" "eval" "eval" "withVisible" "source" 
"create.fvm.corpus" "eval" "eval" "withVisible" "source" 
"create.fvm.corpus" "eval" "eval" "withVisible" "source" 
"create.fvm.corpus" "eval" "eval" "withVisible" "source" 
"create.fvm.corpus" "eval" "eval" "withVisible" "source" 
"[" "create.fvm.corpus" "eval" "eval" "withVisible" "source" 
"create.fvm.corpus" "eval" "eval" "withVisible" "source" 
"[" "create.fvm.corpus" "eval" "eval" "withVisible" "source" 
"create.fvm.corpus" "eval" "eval" "withVisible" "source" 
"create.fvm.corpus" "eval" "eval" "withVisible" "source" 
"create.fvm.corpus" "eval" "eval" "withVisible" "source" 
"create.fvm.corpus" "eval" "eval" "withVisible" "source" 
"[" "create.fvm.corpus" "eval" "eval" "withVisible" "source" 
"create.fvm.corpus" "eval" "eval" "withVisible" "source" 
"create.fvm.corpus" "eval" "eval" "withVisible" "source" 
"create.fvm.corpus" "eval" "eval" "withVisible" "source" 
"[" "create.fvm.corpus" "eval" "eval" "withVisible" "source" 
"create.fvm.corpus" "eval" "eval" "withVisible" "source" 
"create.fvm.corpus" "eval" "eval" "withVisible" "source" 
"[" "create.fvm.corpus" "eval" "eval" "withVisible" "source" 
"create.fvm.corpus" "eval" "eval" "withVisible" "source" 
"create.fvm.corpus" "eval" "eval" "withVisible" "source" 
"create.fvm.corpus" "eval" "eval" "withVisible" "source" 
"+" "create.fvm.corpus" "eval" "eval" "withVisible" "source" 
"create.fvm.corpus" "eval" "eval" "withVisible" "source" 
"create.fvm.corpus" "eval" "eval" "withVisible" "source" 
"create.fvm.corpus" "eval" "eval" "withVisible" "source" 
"create.fvm.corpus" "eval" "eval" "withVisible" "source" 
"create.fvm.corpus" "eval" "eval" "withVisible" "source" 
"[" "create.fvm.corpus" "eval" "eval" "withVisible" "source" 
"sort.list" "factor" "table" "create.fvm.corpus" "eval" "eval" "withVisible" "source" 
"create.fvm.corpus" "eval" "eval" "withVisible" "source" 
"create.fvm.corpus" "eval" "eval" "withVisible" "source" 
"[" "create.fvm.corpus" "eval" "eval" "withVisible" "source" 
"[" "create.fvm.corpus" "eval" "eval" "withVisible" "source" 
"create.fvm.corpus" "eval" "eval" "withVisible" "source" 
"[" "create.fvm.corpus" "eval" "eval" "withVisible" "source" 
"create.fvm.corpus" "eval" "eval" "withVisible" "source" 
"[" "create.fvm.corpus" "eval" "eval" "withVisible" "source" 
"create.fvm.corpus" "eval" "eval" "withVisible" "source" 
"[" "create.fvm.corpus" "eval" "eval" "withVisible" "source" 
"create.fvm.corpus" "eval" "eval" "withVisible" "source" 
"create.fvm.corpus" "eval" "eval" "withVisible" "source" 
"[" "create.fvm.corpus" "eval" "eval" "withVisible" "source" 
"[" "create.fvm.corpus" "eval" "eval" "withVisible" "source" 
"[" "create.fvm.corpus" "eval" "eval" "withVisible" "source" 
"create.fvm.corpus" "eval" "eval" "withVisible" "source" 
"create.fvm.corpus" "eval" "eval" "withVisible" "source" 
"[" "create.fvm.corpus" "eval" "eval" "withVisible" "source" 
"[" "create.fvm.corpus" "eval" "eval" "withVisible" "source" 
"create.fvm.corpus" "eval" "eval" "withVisible" "source" 
"create.fvm.corpus" "eval" "eval" "withVisible" "source" 
"create.fvm.corpus" "eval" "eval" "withVisible" "source" 
"create.fvm.corpus" "eval" "eval" "withVisible" "source" 
"create.fvm.corpus" "eval" "eval" "withVisible" "source" 
"create.fvm.corpus" "eval" "eval" "withVisible" "source" 
"create.fvm.corpus" "eval" "eval" "withVisible" "source" 
"create.fvm.corpus" "eval" "eval" "withVisible" "source" 
"create.fvm.corpus" "eval" "eval" "withVisible" "source" 
"create.fvm.corpus" "eval" "eval" "withVisible" "source" 
"+" "create.fvm.corpus" "eval" "eval" "withVisible" "source" 
"create.fvm.corpus" "eval" "eval" "withVisible" "source" 
"create.fvm.corpus" "eval" "eval" "withVisible" "source" 
"create.fvm.corpus" "eval" "eval" "withVisible" "source" 
"create.fvm.corpus" "eval" "eval" "withVisible" "source" 
"create.fvm.corpus" "eval" "eval" "withVisible" "source" 
"create.fvm.corpus" "eval" "eval" "withVisible" "source" 
"[" "create.fvm.corpus" "eval" "eval" "withVisible" "source" 
"create.fvm.corpus" "eval" "eval" "withVisible" "source" 
"create.fvm.corpus" "eval" "eval" "withVisible" "source" 
"[" "create.fvm.corpus" "eval" "eval" "withVisible" "source" 
"+" "create.fvm.corpus" "eval" "eval" "withVisible" "source" 
"create.fvm.corpus" "eval" "eval" "withVisible" "source" 
"create.fvm.corpus" "eval" "eval" "withVisible" "source" 
"create.fvm.corpus" "eval" "eval" "withVisible" "source" 
"create.fvm.corpus" "eval" "eval" "withVisible" "source" 
"create.fvm.corpus" "eval" "eval" "withVisible" "source" 
"create.fvm.corpus" "eval" "eval" "withVisible" "source" 
"create.fvm.corpus" "eval" "eval" "withVisible" "source" 
"create.fvm.corpus" "eval" "eval" "withVisible" "source" 
"create.fvm.corpus" "eval" "eval" "withVisible" "source" 
"create.fvm.corpus" "eval" "eval" "withVisible" "source" 
"create.fvm.corpus" "eval" "eval" "withVisible" "source" 
"[" "create.fvm.corpus" "eval" "eval" "withVisible" "source" 
"create.fvm.corpus" "eval" "eval" "withVisible" "source" 
"create.fvm.corpus" "eval" "eval" "withVisible" "source" 
"create.fvm.corpus" "eval" "eval" "withVisible" "source" 
"create.fvm.corpus" "eval" "eval" "withVisible" "source" 
"create.fvm.corpus" "eval" "eval" "withVisible" "source" 
"create.fvm.corpus" "eval" "eval" "withVisible" "source" 
"create.fvm.corpus" "eval" "eval" "withVisible" "source" 
"create.fvm.corpus" "eval" "eval" "withVisible" "source" 
"create.fvm.corpus" "eval" "eval" "withVisible" "source" 
"create.fvm.corpus" "eval" "eval" "withVisible" "source" 
"create.fvm.corpus" "eval" "eval" "withVisible" "source" 
"create.fvm.corpus" "eval" "eval" "withVisible" "source" 
"create.fvm.corpus" "eval" "eval" "withVisible" "source" 
"[" "create.fvm.corpus" "eval" "eval" "withVisible" "source" 
"eval" "match.arg" "table" "create.fvm.corpus" "eval" "eval" "withVisible" "source" 
"[" "create.fvm.corpus" "eval" "eval" "withVisible" "source" 
"create.fvm.corpus" "eval" "eval" "withVisible" "source" 
"+" "create.fvm.corpus" "eval" "eval" "withVisible" "source" 
"create.fvm.corpus" "eval" "eval" "withVisible" "source" 
"[" "create.fvm.corpus" "eval" "eval" "withVisible" "source" 
"create.fvm.corpus" "eval" "eval" "withVisible" "source" 
"[" "create.fvm.corpus" "eval" "eval" "withVisible" "source" 
"[" "create.fvm.corpus" "eval" "eval" "withVisible" "source" 
"create.fvm.corpus" "eval" "eval" "withVisible" "source" 
"create.fvm.corpus" "eval" "eval" "withVisible" "source" 
"create.fvm.corpus" "eval" "eval" "withVisible" "source" 
"create.fvm.corpus" "eval" "eval" "withVisible" "source" 
"create.fvm.corpus" "eval" "eval" "withVisible" "source" 
"create.fvm.corpus" "eval" "eval" "withVisible" "source" 
"create.fvm.corpus" "eval" "eval" "withVisible" "source" 
"create.fvm.corpus" "eval" "eval" "withVisible" "source" 
"create.fvm.corpus" "eval" "eval" "withVisible" "source" 
"[" "create.fvm.corpus" "eval" "eval" "withVisible" "source" 
"[" "create.fvm.corpus" "eval" "eval" "withVisible" "source" 
"create.fvm.corpus" "eval" "eval" "withVisible" "source" 
"[" "create.fvm.corpus" "eval" "eval" "withVisible" "source" 
"[" "create.fvm.corpus" "eval" "eval" "withVisible" "source" 
"create.fvm.corpus" "eval" "eval" "withVisible" "source" 
"create.fvm.corpus" "eval" "eval" "withVisible" "source" 
"create.fvm.corpus" "eval" "eval" "withVisible" "source" 
"create.fvm.corpus" "eval" "eval" "withVisible" "source" 
"[" "create.fvm.corpus" "eval" "eval" "withVisible" "source" 
"[" "create.fvm.corpus" "eval" "eval" "withVisible" "source" 
"create.fvm.corpus" "eval" "eval" "withVisible" "source" 
"create.fvm.corpus" "eval" "eval" "withVisible" "source" 
"create.fvm.corpus" "eval" "eval" "withVisible" "source" 
"create.fvm.corpus" "eval" "eval" "withVisible" "source" 
"create.fvm.corpus" "eval" "eval" "withVisible" "source" 
"[" "create.fvm.corpus" "eval" "eval" "withVisible" "source" 
"create.fvm.corpus" "eval" "eval" "withVisible" "source" 
"[" "create.fvm.corpus" "eval" "eval" "withVisible" "source" 
"create.fvm.corpus" "eval" "eval" "withVisible" "source" 
"create.fvm.corpus" "eval" "eval" "withVisible" "source" 
"create.fvm.corpus" "eval" "eval" "withVisible" "source" 
"create.fvm.corpus" "eval" "eval" "withVisible" "source" 
"create.fvm.corpus" "eval" "eval" "withVisible" "source" 
"create.fvm.corpus" "eval" "eval" "withVisible" "source" 
"create.fvm.corpus" "eval" "eval" "withVisible" "source" 
"create.fvm.corpus" "eval" "eval" "withVisible" "source" 
"create.fvm.corpus" "eval" "eval" "withVisible" "source" 
"create.fvm.corpus" "eval" "eval" "withVisible" "source" 
"create.fvm.corpus" "eval" "eval" "withVisible" "source" 
"[" "create.fvm.corpus" "eval" "eval" "withVisible" "source" 
"create.fvm.corpus" "eval" "eval" "withVisible" "source" 
"create.fvm.corpus" "eval" "eval" "withVisible" "source" 
"create.fvm.corpus" "eval" "eval" "withVisible" "source" 
"create.fvm.corpus" "eval" "eval" "withVisible" "source" 
"create.fvm.corpus" "eval" "eval" "withVisible" "source" 
"create.fvm.corpus" "eval" "eval" "withVisible" "source" 
"create.fvm.corpus" "eval" "eval" "withVisible" "source" 
"create.fvm.corpus" "eval" "eval" "withVisible" "source" 
"create.fvm.corpus" "eval" "eval" "withVisible" "source" 
"create.fvm.corpus" "eval" "eval" "withVisible" "source" 
"create.fvm.corpus" "eval" "eval" "withVisible" "source" 
"create.fvm.corpus" "eval" "eval" "withVisible" "source" 
"+" "create.fvm.corpus" "eval" "eval" "withVisible" "source" 
"create.fvm.corpus" "eval" "eval" "withVisible" "source" 
"create.fvm.corpus" "eval" "eval" "withVisible" "source" 
"create.fvm.corpus" "eval" "eval" "withVisible" "source" 
"+" "create.fvm.corpus" "eval" "eval" "withVisible" "source" 
"create.fvm.corpus" "eval" "eval" "withVisible" "source" 
"create.fvm.corpus" "eval" "eval" "withVisible" "source" 
"[" "create.fvm.corpus" "eval" "eval" "withVisible" "source" 
"create.fvm.corpus" "eval" "eval" "withVisible" "source" 
"create.fvm.corpus" "eval" "eval" "withVisible" "source" 
"create.fvm.corpus" "eval" "eval" "withVisible" "source" 
"create.fvm.corpus" "eval" "eval" "withVisible" "source" 
"create.fvm.corpus" "eval" "eval" "withVisible" "source" 
"create.fvm.corpus" "eval" "eval" "withVisible" "source" 
"create.fvm.corpus" "eval" "eval" "withVisible" "source" 
"[" "create.fvm.corpus" "eval" "eval" "withVisible" "source" 
"create.fvm.corpus" "eval" "eval" "withVisible" "source" 
"create.fvm.corpus" "eval" "eval" "withVisible" "source" 
"create.fvm.corpus" "eval" "eval" "withVisible" "source" 
"[" "create.fvm.corpus" "eval" "eval" "withVisible" "source" 
"create.fvm.corpus" "eval" "eval" "withVisible" "source" 
"[" "create.fvm.corpus" "eval" "eval" "withVisible" "source" 
"create.fvm.corpus" "eval" "eval" "withVisible" "source" 
"[" "create.fvm.corpus" "eval" "eval" "withVisible" "source" 
"create.fvm.corpus" "eval" "eval" "withVisible" "source" 
"create.fvm.corpus" "eval" "eval" "withVisible" "source" 
"create.fvm.corpus" "eval" "eval" "withVisible" "source" 
"create.fvm.corpus" "eval" "eval" "withVisible" "source" 
"create.fvm.corpus" "eval" "eval" "withVisible" "source" 
"[" "create.fvm.corpus" "eval" "eval" "withVisible" "source" 
"create.fvm.corpus" "eval" "eval" "withVisible" "source" 
"create.fvm.corpus" "eval" "eval" "withVisible" "source" 
"[" "create.fvm.corpus" "eval" "eval" "withVisible" "source" 
"create.fvm.corpus" "eval" "eval" "withVisible" "source" 
"[" "create.fvm.corpus" "eval" "eval" "withVisible" "source" 
"[" "create.fvm.corpus" "eval" "eval" "withVisible" "source" 
"create.fvm.corpus" "eval" "eval" "withVisible" "source" 
"create.fvm.corpus" "eval" "eval" "withVisible" "source" 
"create.fvm.corpus" "eval" "eval" "withVisible" "source" 
"[" "create.fvm.corpus" "eval" "eval" "withVisible" "source" 
"[" "create.fvm.corpus" "eval" "eval" "withVisible" "source" 
"create.fvm.corpus" "eval" "eval" "withVisible" "source" 
"[" "create.fvm.corpus" "eval" "eval" "withVisible" "source" 
"create.fvm.corpus" "eval" "eval" "withVisible" "source" 
"create.fvm.corpus" "eval" "eval" "withVisible" "source" 
"sort.list" "factor" "table" "create.fvm.corpus" "eval" "eval" "withVisible" "source" 
"create.fvm.corpus" "eval" "eval" "withVisible" "source" 
"create.fvm.corpus" "eval" "eval" "withVisible" "source" 
"[" "create.fvm.corpus" "eval" "eval" "withVisible" "source" 
"[" "create.fvm.corpus" "eval" "eval" "withVisible" "source" 
"create.fvm.corpus" "eval" "eval" "withVisible" "source" 
"create.fvm.corpus" "eval" "eval" "withVisible" "source" 
"[" "create.fvm.corpus" "eval" "eval" "withVisible" "source" 
"create.fvm.corpus" "eval" "eval" "withVisible" "source" 
"create.fvm.corpus" "eval" "eval" "withVisible" "source" 
"create.fvm.corpus" "eval" "eval" "withVisible" "source" 
"create.fvm.corpus" "eval" "eval" "withVisible" "source" 
"create.fvm.corpus" "eval" "eval" "withVisible" "source" 
"create.fvm.corpus" "eval" "eval" "withVisible" "source" 
"create.fvm.corpus" "eval" "eval" "withVisible" "source" 
"create.fvm.corpus" "eval" "eval" "withVisible" "source" 
"[" "create.fvm.corpus" "eval" "eval" "withVisible" "source" 
"[" "create.fvm.corpus" "eval" "eval" "withVisible" "source" 
"create.fvm.corpus" "eval" "eval" "withVisible" "source" 
"[" "create.fvm.corpus" "eval" "eval" "withVisible" "source" 
"[" "create.fvm.corpus" "eval" "eval" "withVisible" "source" 
"create.fvm.corpus" "eval" "eval" "withVisible" "source" 
"create.fvm.corpus" "eval" "eval" "withVisible" "source" 
"[" "create.fvm.corpus" "eval" "eval" "withVisible" "source" 
"create.fvm.corpus" "eval" "eval" "withVisible" "source" 
"[" "create.fvm.corpus" "eval" "eval" "withVisible" "source" 
"create.fvm.corpus" "eval" "eval" "withVisible" "source" 
"create.fvm.corpus" "eval" "eval" "withVisible" "source" 
"create.fvm.corpus" "eval" "eval" "withVisible" "source" 
"create.fvm.corpus" "eval" "eval" "withVisible" "source" 
"create.fvm.corpus" "eval" "eval" "withVisible" "source" 
"create.fvm.corpus" "eval" "eval" "withVisible" "source" 
"create.fvm.corpus" "eval" "eval" "withVisible" "source" 
"create.fvm.corpus" "eval" "eval" "withVisible" "source" 
"[" "create.fvm.corpus" "eval" "eval" "withVisible" "source" 
"create.fvm.corpus" "eval" "eval" "withVisible" "source" 
"create.fvm.corpus" "eval" "eval" "withVisible" "source" 
"create.fvm.corpus" "eval" "eval" "withVisible" "source" 
"create.fvm.corpus" "eval" "eval" "withVisible" "source" 
"[" "create.fvm.corpus" "eval" "eval" "withVisible" "source" 
"create.fvm.corpus" "eval" "eval" "withVisible" "source" 
"[" "create.fvm.corpus" "eval" "eval" "withVisible" "source" 
"create.fvm.corpus" "eval" "eval" "withVisible" "source" 
"create.fvm.corpus" "eval" "eval" "withVisible" "source" 
"create.fvm.corpus" "eval" "eval" "withVisible" "source" 
"[" "create.fvm.corpus" "eval" "eval" "withVisible" "source" 
"create.fvm.corpus" "eval" "eval" "withVisible" "source" 
"[" "create.fvm.corpus" "eval" "eval" "withVisible" "source" 
"create.fvm.corpus" "eval" "eval" "withVisible" "source" 
"+" "create.fvm.corpus" "eval" "eval" "withVisible" "source" 
"create.fvm.corpus" "eval" "eval" "withVisible" "source" 
"create.fvm.corpus" "eval" "eval" "withVisible" "source" 
"[" "create.fvm.corpus" "eval" "eval" "withVisible" "source" 
"[" "create.fvm.corpus" "eval" "eval" "withVisible" "source" 
"create.fvm.corpus" "eval" "eval" "withVisible" "source" 
"create.fvm.corpus" "eval" "eval" "withVisible" "source" 
"create.fvm.corpus" "eval" "eval" "withVisible" "source" 
"[" "create.fvm.corpus" "eval" "eval" "withVisible" "source" 
"create.fvm.corpus" "eval" "eval" "withVisible" "source" 
"create.fvm.corpus" "eval" "eval" "withVisible" "source" 
"create.fvm.corpus" "eval" "eval" "withVisible" "source" 
"create.fvm.corpus" "eval" "eval" "withVisible" "source" 
"create.fvm.corpus" "eval" "eval" "withVisible" "source" 
"create.fvm.corpus" "eval" "eval" "withVisible" "source" 
"[" "create.fvm.corpus" "eval" "eval" "withVisible" "source" 
"create.fvm.corpus" "eval" "eval" "withVisible" "source" 
"create.fvm.corpus" "eval" "eval" "withVisible" "source" 
"create.fvm.corpus" "eval" "eval" "withVisible" "source" 
"create.fvm.corpus" "eval" "eval" "withVisible" "source" 
"create.fvm.corpus" "eval" "eval" "withVisible" "source" 
"create.fvm.corpus" "eval" "eval" "withVisible" "source" 
"create.fvm.corpus" "eval" "eval" "withVisible" "source" 
"[" "create.fvm.corpus" "eval" "eval" "withVisible" "source" 
"create.fvm.corpus" "eval" "eval" "withVisible" "source" 
"create.fvm.corpus" "eval" "eval" "withVisible" "source" 
"[" "create.fvm.corpus" "eval" "eval" "withVisible" "source" 
"create.fvm.corpus" "eval" "eval" "withVisible" "source" 
"create.fvm.corpus" "eval" "eval" "withVisible" "source" 
"create.fvm.corpus" "eval" "eval" "withVisible" "source" 
"create.fvm.corpus" "eval" "eval" "withVisible" "source" 
"[" "create.fvm.corpus" "eval" "eval" "withVisible" "source" 
"create.fvm.corpus" "eval" "eval" "withVisible" "source" 
"[" "create.fvm.corpus" "eval" "eval" "withVisible" "source" 
"[" "create.fvm.corpus" "eval" "eval" "withVisible" "source" 
"create.fvm.corpus" "eval" "eval" "withVisible" "source" 
"create.fvm.corpus" "eval" "eval" "withVisible" "source" 
"create.fvm.corpus" "eval" "eval" "withVisible" "source" 
"create.fvm.corpus" "eval" "eval" "withVisible" "source" 
"create.fvm.corpus" "eval" "eval" "withVisible" "source" 
"create.fvm.corpus" "eval" "eval" "withVisible" "source" 
"create.fvm.corpus" "eval" "eval" "withVisible" "source" 
"[" "create.fvm.corpus" "eval" "eval" "withVisible" "source" 
"create.fvm.corpus" "eval" "eval" "withVisible" "source" 
"create.fvm.corpus" "eval" "eval" "withVisible" "source" 
"create.fvm.corpus" "eval" "eval" "withVisible" "source" 
"create.fvm.corpus" "eval" "eval" "withVisible" "source" 
"create.fvm.corpus" "eval" "eval" "withVisible" "source" 
"[" "create.fvm.corpus" "eval" "eval" "withVisible" "source" 
"create.fvm.corpus" "eval" "eval" "withVisible" "source" 
"create.fvm.corpus" "eval" "eval" "withVisible" "source" 
"create.fvm.corpus" "eval" "eval" "withVisible" "source" 
"create.fvm.corpus" "eval" "eval" "withVisible" "source" 
"create.fvm.corpus" "eval" "eval" "withVisible" "source" 
"[" "create.fvm.corpus" "eval" "eval" "withVisible" "source" 
"[" "create.fvm.corpus" "eval" "eval" "withVisible" "source" 
"create.fvm.corpus" "eval" "eval" "withVisible" "source" 
"create.fvm.corpus" "eval" "eval" "withVisible" "source" 
"[" "create.fvm.corpus" "eval" "eval" "withVisible" "source" 
"[" "create.fvm.corpus" "eval" "eval" "withVisible" "source" 
"create.fvm.corpus" "eval" "eval" "withVisible" "source" 
"create.fvm.corpus" "eval" "eval" "withVisible" "source" 
"create.fvm.corpus" "eval" "eval" "withVisible" "source" 
"create.fvm.corpus" "eval" "eval" "withVisible" "source" 
"[" "create.fvm.corpus" "eval" "eval" "withVisible" "source" 
"create.fvm.corpus" "eval" "eval" "withVisible" "source" 
"[" "create.fvm.corpus" "eval" "eval" "withVisible" "source" 
"create.fvm.corpus" "eval" "eval" "withVisible" "source" 
"create.fvm.corpus" "eval" "eval" "withVisible" "source" 
"create.fvm.corpus" "eval" "eval" "withVisible" "source" 
"create.fvm.corpus" "eval" "eval" "withVisible" "source" 
"create.fvm.corpus" "eval" "eval" "withVisible" "source" 
"[" "create.fvm.corpus" "eval" "eval" "withVisible" "source" 
"create.fvm.corpus" "eval" "eval" "withVisible" "source" 
"create.fvm.corpus" "eval" "eval" "withVisible" "source" 
"create.fvm.corpus" "eval" "eval" "withVisible" "source" 
"create.fvm.corpus" "eval" "eval" "withVisible" "source" 
"[" "create.fvm.corpus" "eval" "eval" "withVisible" "source" 
"create.fvm.corpus" "eval" "eval" "withVisible" "source" 
"create.fvm.corpus" "eval" "eval" "withVisible" "source" 
"[" "create.fvm.corpus" "eval" "eval" "withVisible" "source" 
"create.fvm.corpus" "eval" "eval" "withVisible" "source" 
"create.fvm.corpus" "eval" "eval" "withVisible" "source" 
"create.fvm.corpus" "eval" "eval" "withVisible" "source" 
"[" "create.fvm.corpus" "eval" "eval" "withVisible" "source" 
"[" "create.fvm.corpus" "eval" "eval" "withVisible" "source" 
"create.fvm.corpus" "eval" "eval" "withVisible" "source" 
"create.fvm.corpus" "eval" "eval" "withVisible" "source" 
"[" "create.fvm.corpus" "eval" "eval" "withVisible" "source" 
"create.fvm.corpus" "eval" "eval" "withVisible" "source" 
"create.fvm.corpus" "eval" "eval" "withVisible" "source" 
"[" "create.fvm.corpus" "eval" "eval" "withVisible" "source" 
"create.fvm.corpus" "eval" "eval" "withVisible" "source" 
"[" "create.fvm.corpus" "eval" "eval" "withVisible" "source" 
"create.fvm.corpus" "eval" "eval" "withVisible" "source" 
"create.fvm.corpus" "eval" "eval" "withVisible" "source" 
"create.fvm.corpus" "eval" "eval" "withVisible" "source" 
"[" "create.fvm.corpus" "eval" "eval" "withVisible" "source" 
"create.fvm.corpus" "eval" "eval" "withVisible" "source" 
"[" "create.fvm.corpus" "eval" "eval" "withVisible" "source" 
"create.fvm.corpus" "eval" "eval" "withVisible" "source" 
"create.fvm.corpus" "eval" "eval" "withVisible" "source" 
"create.fvm.corpus" "eval" "eval" "withVisible" "source" 
"create.fvm.corpus" "eval" "eval" "withVisible" "source" 
"create.fvm.corpus" "eval" "eval" "withVisible" "source" 
"[" "create.fvm.corpus" "eval" "eval" "withVisible" "source" 
"create.fvm.corpus" "eval" "eval" "withVisible" "source" 
"create.fvm.corpus" "eval" "eval" "withVisible" "source" 
"create.fvm.corpus" "eval" "eval" "withVisible" "source" 
"create.fvm.corpus" "eval" "eval" "withVisible" "source" 
"[" "create.fvm.corpus" "eval" "eval" "withVisible" "source" 
"[" "create.fvm.corpus" "eval" "eval" "withVisible" "source" 
"create.fvm.corpus" "eval" "eval" "withVisible" "source" 
"create.fvm.corpus" "eval" "eval" "withVisible" "source" 
"[" "create.fvm.corpus" "eval" "eval" "withVisible" "source" 
"[" "create.fvm.corpus" "eval" "eval" "withVisible" "source" 
"create.fvm.corpus" "eval" "eval" "withVisible" "source" 
"create.fvm.corpus" "eval" "eval" "withVisible" "source" 
"create.fvm.corpus" "eval" "eval" "withVisible" "source" 
"[" "create.fvm.corpus" "eval" "eval" "withVisible" "source" 
"create.fvm.corpus" "eval" "eval" "withVisible" "source" 
"[" "create.fvm.corpus" "eval" "eval" "withVisible" "source" 
"create.fvm.corpus" "eval" "eval" "withVisible" "source" 
"[" "create.fvm.corpus" "eval" "eval" "withVisible" "source" 
"create.fvm.corpus" "eval" "eval" "withVisible" "source" 
"create.fvm.corpus" "eval" "eval" "withVisible" "source" 
"create.fvm.corpus" "eval" "eval" "withVisible" "source" 
"create.fvm.corpus" "eval" "eval" "withVisible" "source" 
"create.fvm.corpus" "eval" "eval" "withVisible" "source" 
"create.fvm.corpus" "eval" "eval" "withVisible" "source" 
"create.fvm.corpus" "eval" "eval" "withVisible" "source" 
"+" "create.fvm.corpus" "eval" "eval" "withVisible" "source" 
"create.fvm.corpus" "eval" "eval" "withVisible" "source" 
"create.fvm.corpus" "eval" "eval" "withVisible" "source" 
"[" "create.fvm.corpus" "eval" "eval" "withVisible" "source" 
"create.fvm.corpus" "eval" "eval" "withVisible" "source" 
"[" "create.fvm.corpus" "eval" "eval" "withVisible" "source" 
"[" "create.fvm.corpus" "eval" "eval" "withVisible" "source" 
"create.fvm.corpus" "eval" "eval" "withVisible" "source" 
"create.fvm.corpus" "eval" "eval" "withVisible" "source" 
"create.fvm.corpus" "eval" "eval" "withVisible" "source" 
"[" "create.fvm.corpus" "eval" "eval" "withVisible" "source" 
"create.fvm.corpus" "eval" "eval" "withVisible" "source" 
"create.fvm.corpus" "eval" "eval" "withVisible" "source" 
"create.fvm.corpus" "eval" "eval" "withVisible" "source" 
"create.fvm.corpus" "eval" "eval" "withVisible" "source" 
"create.fvm.corpus" "eval" "eval" "withVisible" "source" 
"create.fvm.corpus" "eval" "eval" "withVisible" "source" 
"create.fvm.corpus" "eval" "eval" "withVisible" "source" 
"create.fvm.corpus" "eval" "eval" "withVisible" "source" 
"[" "create.fvm.corpus" "eval" "eval" "withVisible" "source" 
"create.fvm.corpus" "eval" "eval" "withVisible" "source" 
"[" "create.fvm.corpus" "eval" "eval" "withVisible" "source" 
"[" "create.fvm.corpus" "eval" "eval" "withVisible" "source" 
"create.fvm.corpus" "eval" "eval" "withVisible" "source" 
"create.fvm.corpus" "eval" "eval" "withVisible" "source" 
"create.fvm.corpus" "eval" "eval" "withVisible" "source" 
"[" "create.fvm.corpus" "eval" "eval" "withVisible" "source" 
"[" "create.fvm.corpus" "eval" "eval" "withVisible" "source" 
"[" "create.fvm.corpus" "eval" "eval" "withVisible" "source" 
"+" "create.fvm.corpus" "eval" "eval" "withVisible" "source" 
"create.fvm.corpus" "eval" "eval" "withVisible" "source" 
"create.fvm.corpus" "eval" "eval" "withVisible" "source" 
"create.fvm.corpus" "eval" "eval" "withVisible" "source" 
"[" "create.fvm.corpus" "eval" "eval" "withVisible" "source" 
"create.fvm.corpus" "eval" "eval" "withVisible" "source" 
"[" "create.fvm.corpus" "eval" "eval" "withVisible" "source" 
"[" "create.fvm.corpus" "eval" "eval" "withVisible" "source" 
"create.fvm.corpus" "eval" "eval" "withVisible" "source" 
"create.fvm.corpus" "eval" "eval" "withVisible" "source" 
"create.fvm.corpus" "eval" "eval" "withVisible" "source" 
"create.fvm.corpus" "eval" "eval" "withVisible" "source" 
"[" "create.fvm.corpus" "eval" "eval" "withVisible" "source" 
"[" "create.fvm.corpus" "eval" "eval" "withVisible" "source" 
"create.fvm.corpus" "eval" "eval" "withVisible" "source" 
"create.fvm.corpus" "eval" "eval" "withVisible" "source" 
"create.fvm.corpus" "eval" "eval" "withVisible" "source" 
"create.fvm.corpus" "eval" "eval" "withVisible" "source" 
"[" "create.fvm.corpus" "eval" "eval" "withVisible" "source" 
"create.fvm.corpus" "eval" "eval" "withVisible" "source" 
"create.fvm.corpus" "eval" "eval" "withVisible" "source" 
"create.fvm.corpus" "eval" "eval" "withVisible" "source" 
"create.fvm.corpus" "eval" "eval" "withVisible" "source" 
"create.fvm.corpus" "eval" "eval" "withVisible" "source" 
"create.fvm.corpus" "eval" "eval" "withVisible" "source" 
"create.fvm.corpus" "eval" "eval" "withVisible" "source" 
"[" "create.fvm.corpus" "eval" "eval" "withVisible" "source" 
"create.fvm.corpus" "eval" "eval" "withVisible" "source" 
"create.fvm.corpus" "eval" "eval" "withVisible" "source" 
"create.fvm.corpus" "eval" "eval" "withVisible" "source" 
"create.fvm.corpus" "eval" "eval" "withVisible" "source" 
"[" "create.fvm.corpus" "eval" "eval" "withVisible" "source" 
"create.fvm.corpus" "eval" "eval" "withVisible" "source" 
"[" "create.fvm.corpus" "eval" "eval" "withVisible" "source" 
"create.fvm.corpus" "eval" "eval" "withVisible" "source" 
"[" "create.fvm.corpus" "eval" "eval" "withVisible" "source" 
"[" "create.fvm.corpus" "eval" "eval" "withVisible" "source" 
"[" "create.fvm.corpus" "eval" "eval" "withVisible" "source" 
"create.fvm.corpus" "eval" "eval" "withVisible" "source" 
"create.fvm.corpus" "eval" "eval" "withVisible" "source" 
"[" "create.fvm.corpus" "eval" "eval" "withVisible" "source" 
"create.fvm.corpus" "eval" "eval" "withVisible" "source" 
"create.fvm.corpus" "eval" "eval" "withVisible" "source" 
"[" "create.fvm.corpus" "eval" "eval" "withVisible" "source" 
"create.fvm.corpus" "eval" "eval" "withVisible" "source" 
"create.fvm.corpus" "eval" "eval" "withVisible" "source" 
"sort.list" "factor" "table" "create.fvm.corpus" "eval" "eval" "withVisible" "source" 
"create.fvm.corpus" "eval" "eval" "withVisible" "source" 
"create.fvm.corpus" "eval" "eval" "withVisible" "source" 
"+" "create.fvm.corpus" "eval" "eval" "withVisible" "source" 
"create.fvm.corpus" "eval" "eval" "withVisible" "source" 
"[" "create.fvm.corpus" "eval" "eval" "withVisible" "source" 
"create.fvm.corpus" "eval" "eval" "withVisible" "source" 
"create.fvm.corpus" "eval" "eval" "withVisible" "source" 
"create.fvm.corpus" "eval" "eval" "withVisible" "source" 
"create.fvm.corpus" "eval" "eval" "withVisible" "source" 
"+" "create.fvm.corpus" "eval" "eval" "withVisible" "source" 
"[" "create.fvm.corpus" "eval" "eval" "withVisible" "source" 
"create.fvm.corpus" "eval" "eval" "withVisible" "source" 
"create.fvm.corpus" "eval" "eval" "withVisible" "source" 
"create.fvm.corpus" "eval" "eval" "withVisible" "source" 
"create.fvm.corpus" "eval" "eval" "withVisible" "source" 
"[" "create.fvm.corpus" "eval" "eval" "withVisible" "source" 
"[" "create.fvm.corpus" "eval" "eval" "withVisible" "source" 
"+" "create.fvm.corpus" "eval" "eval" "withVisible" "source" 
"[" "create.fvm.corpus" "eval" "eval" "withVisible" "source" 
"[" "create.fvm.corpus" "eval" "eval" "withVisible" "source" 
"[" "create.fvm.corpus" "eval" "eval" "withVisible" "source" 
"create.fvm.corpus" "eval" "eval" "withVisible" "source" 
"create.fvm.corpus" "eval" "eval" "withVisible" "source" 
"[" "create.fvm.corpus" "eval" "eval" "withVisible" "source" 
"create.fvm.corpus" "eval" "eval" "withVisible" "source" 
"create.fvm.corpus" "eval" "eval" "withVisible" "source" 
"create.fvm.corpus" "eval" "eval" "withVisible" "source" 
"create.fvm.corpus" "eval" "eval" "withVisible" "source" 
"[" "create.fvm.corpus" "eval" "eval" "withVisible" "source" 
"create.fvm.corpus" "eval" "eval" "withVisible" "source" 
"create.fvm.corpus" "eval" "eval" "withVisible" "source" 
"create.fvm.corpus" "eval" "eval" "withVisible" "source" 
"[" "create.fvm.corpus" "eval" "eval" "withVisible" "source" 
"create.fvm.corpus" "eval" "eval" "withVisible" "source" 
"create.fvm.corpus" "eval" "eval" "withVisible" "source" 
"create.fvm.corpus" "eval" "eval" "withVisible" "source" 
"create.fvm.corpus" "eval" "eval" "withVisible" "source" 
"create.fvm.corpus" "eval" "eval" "withVisible" "source" 
"create.fvm.corpus" "eval" "eval" "withVisible" "source" 
"[" "create.fvm.corpus" "eval" "eval" "withVisible" "source" 
"[" "create.fvm.corpus" "eval" "eval" "withVisible" "source" 
"create.fvm.corpus" "eval" "eval" "withVisible" "source" 
"create.fvm.corpus" "eval" "eval" "withVisible" "source" 
"create.fvm.corpus" "eval" "eval" "withVisible" "source" 
"create.fvm.corpus" "eval" "eval" "withVisible" "source" 
"create.fvm.corpus" "eval" "eval" "withVisible" "source" 
"create.fvm.corpus" "eval" "eval" "withVisible" "source" 
"create.fvm.corpus" "eval" "eval" "withVisible" "source" 
"[" "create.fvm.corpus" "eval" "eval" "withVisible" "source" 
"[" "create.fvm.corpus" "eval" "eval" "withVisible" "source" 
"create.fvm.corpus" "eval" "eval" "withVisible" "source" 
"create.fvm.corpus" "eval" "eval" "withVisible" "source" 
"[" "create.fvm.corpus" "eval" "eval" "withVisible" "source" 
"create.fvm.corpus" "eval" "eval" "withVisible" "source" 
"create.fvm.corpus" "eval" "eval" "withVisible" "source" 
"create.fvm.corpus" "eval" "eval" "withVisible" "source" 
"[" "create.fvm.corpus" "eval" "eval" "withVisible" "source" 
"create.fvm.corpus" "eval" "eval" "withVisible" "source" 
"create.fvm.corpus" "eval" "eval" "withVisible" "source" 
"[" "create.fvm.corpus" "eval" "eval" "withVisible" "source" 
"create.fvm.corpus" "eval" "eval" "withVisible" "source" 
"[" "create.fvm.corpus" "eval" "eval" "withVisible" "source" 
"create.fvm.corpus" "eval" "eval" "withVisible" "source" 
"create.fvm.corpus" "eval" "eval" "withVisible" "source" 
"create.fvm.corpus" "eval" "eval" "withVisible" "source" 
"[" "create.fvm.corpus" "eval" "eval" "withVisible" "source" 
"[" "create.fvm.corpus" "eval" "eval" "withVisible" "source" 
"[" "create.fvm.corpus" "eval" "eval" "withVisible" "source" 
"create.fvm.corpus" "eval" "eval" "withVisible" "source" 
"create.fvm.corpus" "eval" "eval" "withVisible" "source" 
"create.fvm.corpus" "eval" "eval" "withVisible" "source" 
"create.fvm.corpus" "eval" "eval" "withVisible" "source" 
"create.fvm.corpus" "eval" "eval" "withVisible" "source" 
"create.fvm.corpus" "eval" "eval" "withVisible" "source" 
"create.fvm.corpus" "eval" "eval" "withVisible" "source" 
"create.fvm.corpus" "eval" "eval" "withVisible" "source" 
"create.fvm.corpus" "eval" "eval" "withVisible" "source" 
"create.fvm.corpus" "eval" "eval" "withVisible" "source" 
"create.fvm.corpus" "eval" "eval" "withVisible" "source" 
"create.fvm.corpus" "eval" "eval" "withVisible" "source" 
"create.fvm.corpus" "eval" "eval" "withVisible" "source" 
"create.fvm.corpus" "eval" "eval" "withVisible" "source" 
"[" "create.fvm.corpus" "eval" "eval" "withVisible" "source" 
"create.fvm.corpus" "eval" "eval" "withVisible" "source" 
"create.fvm.corpus" "eval" "eval" "withVisible" "source" 
"create.fvm.corpus" "eval" "eval" "withVisible" "source" 
"create.fvm.corpus" "eval" "eval" "withVisible" "source" 
"create.fvm.corpus" "eval" "eval" "withVisible" "source" 
"create.fvm.corpus" "eval" "eval" "withVisible" "source" 
"create.fvm.corpus" "eval" "eval" "withVisible" "source" 
"create.fvm.corpus" "eval" "eval" "withVisible" "source" 
"create.fvm.corpus" "eval" "eval" "withVisible" "source" 
"create.fvm.corpus" "eval" "eval" "withVisible" "source" 
"create.fvm.corpus" "eval" "eval" "withVisible" "source" 
"create.fvm.corpus" "eval" "eval" "withVisible" "source" 
"+" "create.fvm.corpus" "eval" "eval" "withVisible" "source" 
"create.fvm.corpus" "eval" "eval" "withVisible" "source" 
"create.fvm.corpus" "eval" "eval" "withVisible" "source" 
"create.fvm.corpus" "eval" "eval" "withVisible" "source" 
"[" "create.fvm.corpus" "eval" "eval" "withVisible" "source" 
"[" "create.fvm.corpus" "eval" "eval" "withVisible" "source" 
"create.fvm.corpus" "eval" "eval" "withVisible" "source" 
"[" "create.fvm.corpus" "eval" "eval" "withVisible" "source" 
"create.fvm.corpus" "eval" "eval" "withVisible" "source" 
"create.fvm.corpus" "eval" "eval" "withVisible" "source" 
"[" "create.fvm.corpus" "eval" "eval" "withVisible" "source" 
"create.fvm.corpus" "eval" "eval" "withVisible" "source" 
"create.fvm.corpus" "eval" "eval" "withVisible" "source" 
"[" "create.fvm.corpus" "eval" "eval" "withVisible" "source" 
"create.fvm.corpus" "eval" "eval" "withVisible" "source" 
"create.fvm.corpus" "eval" "eval" "withVisible" "source" 
"[" "create.fvm.corpus" "eval" "eval" "withVisible" "source" 
"create.fvm.corpus" "eval" "eval" "withVisible" "source" 
"[" "create.fvm.corpus" "eval" "eval" "withVisible" "source" 
"[" "create.fvm.corpus" "eval" "eval" "withVisible" "source" 
"create.fvm.corpus" "eval" "eval" "withVisible" "source" 
"create.fvm.corpus" "eval" "eval" "withVisible" "source" 
"[" "create.fvm.corpus" "eval" "eval" "withVisible" "source" 
"create.fvm.corpus" "eval" "eval" "withVisible" "source" 
"[" "create.fvm.corpus" "eval" "eval" "withVisible" "source" 
"create.fvm.corpus" "eval" "eval" "withVisible" "source" 
"create.fvm.corpus" "eval" "eval" "withVisible" "source" 
"create.fvm.corpus" "eval" "eval" "withVisible" "source" 
"create.fvm.corpus" "eval" "eval" "withVisible" "source" 
"create.fvm.corpus" "eval" "eval" "withVisible" "source" 
"[" "create.fvm.corpus" "eval" "eval" "withVisible" "source" 
"create.fvm.corpus" "eval" "eval" "withVisible" "source" 
"+" "create.fvm.corpus" "eval" "eval" "withVisible" "source" 
"create.fvm.corpus" "eval" "eval" "withVisible" "source" 
"sort.list" "factor" "table" "create.fvm.corpus" "eval" "eval" "withVisible" "source" 
"create.fvm.corpus" "eval" "eval" "withVisible" "source" 
"create.fvm.corpus" "eval" "eval" "withVisible" "source" 
"create.fvm.corpus" "eval" "eval" "withVisible" "source" 
"[" "create.fvm.corpus" "eval" "eval" "withVisible" "source" 
"[" "create.fvm.corpus" "eval" "eval" "withVisible" "source" 
"create.fvm.corpus" "eval" "eval" "withVisible" "source" 
"[" "create.fvm.corpus" "eval" "eval" "withVisible" "source" 
"create.fvm.corpus" "eval" "eval" "withVisible" "source" 
"[" "create.fvm.corpus" "eval" "eval" "withVisible" "source" 
"[" "create.fvm.corpus" "eval" "eval" "withVisible" "source" 
"[" "create.fvm.corpus" "eval" "eval" "withVisible" "source" 
"[" "create.fvm.corpus" "eval" "eval" "withVisible" "source" 
"create.fvm.corpus" "eval" "eval" "withVisible" "source" 
"sort.list" "factor" "table" "create.fvm.corpus" "eval" "eval" "withVisible" "source" 
"create.fvm.corpus" "eval" "eval" "withVisible" "source" 
"create.fvm.corpus" "eval" "eval" "withVisible" "source" 
"create.fvm.corpus" "eval" "eval" "withVisible" "source" 
"[" "create.fvm.corpus" "eval" "eval" "withVisible" "source" 
"create.fvm.corpus" "eval" "eval" "withVisible" "source" 
"+" "create.fvm.corpus" "eval" "eval" "withVisible" "source" 
"[" "create.fvm.corpus" "eval" "eval" "withVisible" "source" 
"create.fvm.corpus" "eval" "eval" "withVisible" "source" 
"create.fvm.corpus" "eval" "eval" "withVisible" "source" 
"create.fvm.corpus" "eval" "eval" "withVisible" "source" 
"create.fvm.corpus" "eval" "eval" "withVisible" "source" 
"create.fvm.corpus" "eval" "eval" "withVisible" "source" 
"create.fvm.corpus" "eval" "eval" "withVisible" "source" 
"create.fvm.corpus" "eval" "eval" "withVisible" "source" 
"create.fvm.corpus" "eval" "eval" "withVisible" "source" 
"create.fvm.corpus" "eval" "eval" "withVisible" "source" 
"create.fvm.corpus" "eval" "eval" "withVisible" "source" 
"create.fvm.corpus" "eval" "eval" "withVisible" "source" 
"create.fvm.corpus" "eval" "eval" "withVisible" "source" 
"create.fvm.corpus" "eval" "eval" "withVisible" "source" 
"create.fvm.corpus" "eval" "eval" "withVisible" "source" 
"[" "create.fvm.corpus" "eval" "eval" "withVisible" "source" 
"table" "create.fvm.corpus" "eval" "eval" "withVisible" "source" 
"create.fvm.corpus" "eval" "eval" "withVisible" "source" 
"create.fvm.corpus" "eval" "eval" "withVisible" "source" 
"create.fvm.corpus" "eval" "eval" "withVisible" "source" 
"[" "create.fvm.corpus" "eval" "eval" "withVisible" "source" 
"create.fvm.corpus" "eval" "eval" "withVisible" "source" 
"get" "getNamespaceInfo" "getInternalExportName" "getExportedValue" "::" "str.default" "str" "<Anonymous>" "do.call" "strSub" "str.default" "str" "eval" "eval" "withVisible" "evalVis" "capture.output" "doTryCatch" "tryCatchOne" "tryCatchList" "tryCatch" ".rs.valueContents" "<Anonymous>" 
"encodeString" "str.default" "str" "<Anonymous>" "do.call" "strSub" "str.default" "NextMethod" "str.data.frame" "str" "<Anonymous>" "do.call" "strSub" "str.default" "str" "eval" "eval" "withVisible" "evalVis" "capture.output" "doTryCatch" "tryCatchOne" "tryCatchList" "tryCatch" ".rs.valueContents" "<Anonymous>" 
"encodeString" "str.default" "str" "<Anonymous>" "do.call" "strSub" "str.default" "NextMethod" "str.data.frame" "str" "<Anonymous>" "do.call" "strSub" "str.default" "str" "eval" "eval" "withVisible" "evalVis" "capture.output" "doTryCatch" "tryCatchOne" "tryCatchList" "tryCatch" ".rs.valueContents" "<Anonymous>" 
"encodeString" "str.default" "str" "<Anonymous>" "do.call" "strSub" "str.default" "NextMethod" "str.data.frame" "str" "<Anonymous>" "do.call" "strSub" "str.default" "str" "eval" "eval" "withVisible" "evalVis" "capture.output" "doTryCatch" "tryCatchOne" "tryCatchList" "tryCatch" ".rs.valueContents" "<Anonymous>" 
"file.exists" "index.search" "help" "eval" "eval" "?" 
"paste0" "writeLines" "writeLinesUTF8" "of0" "writeWrapped" "writeBlock" "writeContent" "writeSection" "Rd2HTML" "<Anonymous>" "doTryCatch" "tryCatchOne" "tryCatchList" "tryCatch" "try" 
"system" "force" "with_envvar" "withCallingHandlers" "suppressWarnings" "system_check" "force" "in_dir" "R" "force" "with_libpaths" "build" "install" 
"exists" "runHook" "unloadNamespace" "doTryCatch" "tryCatchOne" "tryCatchList" "tryCatch" "try" "unload" "reload" "install" 
"objects" "match" "checkConflicts" "library" "doTryCatch" "tryCatchOne" "tryCatchList" "tryCatch" "require" "reload" "install" 
"list.files" "print" "getTextFiles" "getTextDir" "eval" "eval" "withVisible" "source" 
"print.default" "print" "getTextFiles" "getTextDir" "eval" "eval" "withVisible" "source" 
"print.default" "print" "getTextFiles" "getTextDir" "eval" "eval" "withVisible" "source" 
"print.default" "print" "getTextFiles" "getTextDir" "eval" "eval" "withVisible" "source" 
"readLines" "paste" "getTextFiles" "getTextDir" "eval" "eval" "withVisible" "source" 
"readLines" "paste" "getTextFiles" "getTextDir" "eval" "eval" "withVisible" "source" 
"readLines" "paste" "getTextFiles" "getTextDir" "eval" "eval" "withVisible" "source" 
"paste" "getTextFiles" "getTextDir" "eval" "eval" "withVisible" "source" 
"c" "getTextFiles" "getTextDir" "eval" "eval" "withVisible" "source" 
"readLines" "paste" "getTextFiles" "getTextDir" "eval" "eval" "withVisible" "source" 
"file" "readLines" "paste" "getTextFiles" "getTextDir" "eval" "eval" "withVisible" "source" 
"file" "readLines" "paste" "getTextFiles" "getTextDir" "eval" "eval" "withVisible" "source" 
"paste" "getTextFiles" "getTextDir" "eval" "eval" "withVisible" "source" 
"getTextFiles" "getTextDir" "eval" "eval" "withVisible" "source" 
"readLines" "paste" "getTextFiles" "getTextDir" "eval" "eval" "withVisible" "source" 
"close" "readLines" "paste" "getTextFiles" "getTextDir" "eval" "eval" "withVisible" "source" 
"strsplit" "getRootFileNames" "ifelse" "getTextFiles" "getTextDir" "eval" "eval" "withVisible" "source" 
"seq.int" "tail.default" "FUN" "lapply" "sapply" "getRootFileNames" "ifelse" "getTextFiles" "getTextDir" "eval" "eval" "withVisible" "source" 
"get" "<Anonymous>" 
"list.files" "print" "getTextFiles" "getTextDir" "eval" "eval" "withVisible" "source" 
"list.files" "print" "getTextFiles" "getTextDir" "eval" "eval" "withVisible" "source" 
"print.default" "print" "getTextFiles" "getTextDir" "eval" "eval" "withVisible" "source" 
"print.default" "print" "getTextFiles" "getTextDir" "eval" "eval" "withVisible" "source" 
"readLines" "paste" "getTextFiles" "getTextDir" "eval" "eval" "withVisible" "source" 
"readLines" "paste" "getTextFiles" "getTextDir" "eval" "eval" "withVisible" "source" 
"readLines" "paste" "getTextFiles" "getTextDir" "eval" "eval" "withVisible" "source" 
"file" "readLines" "paste" "getTextFiles" "getTextDir" "eval" "eval" "withVisible" "source" 
"readLines" "paste" "getTextFiles" "getTextDir" "eval" "eval" "withVisible" "source" 
"readLines" "paste" "getTextFiles" "getTextDir" "eval" "eval" "withVisible" "source" 
"readLines" "paste" "getTextFiles" "getTextDir" "eval" "eval" "withVisible" "source" 
"readLines" "paste" "getTextFiles" "getTextDir" "eval" "eval" "withVisible" "source" 
"readLines" "paste" "getTextFiles" "getTextDir" "eval" "eval" "withVisible" "source" 
"readLines" "paste" "getTextFiles" "getTextDir" "eval" "eval" "withVisible" "source" 
"file" "readLines" "paste" "getTextFiles" "getTextDir" "eval" "eval" "withVisible" "source" 
"c" "getTextFiles" "getTextDir" "eval" "eval" "withVisible" "source" 
"seq.int" "tail.default" "FUN" "lapply" "sapply" "getRootFileNames" "ifelse" "getTextFiles" "getTextDir" "eval" "eval" "withVisible" "source" 
"tail.default" "FUN" "lapply" "sapply" "getRootFileNames" "ifelse" "getTextFiles" "getTextDir" "eval" "eval" "withVisible" "source" 
"list.files" "print" "getTextFiles" "getTextDir" "eval" "eval" "withVisible" "source" 
"print.default" "print" "getTextFiles" "getTextDir" "eval" "eval" "withVisible" "source" 
"print.default" "print" "getTextFiles" "getTextDir" "eval" "eval" "withVisible" "source" 
"print.default" "print" "getTextFiles" "getTextDir" "eval" "eval" "withVisible" "source" 
"readLines" "paste" "getTextFiles" "getTextDir" "eval" "eval" "withVisible" "source" 
"readLines" "paste" "getTextFiles" "getTextDir" "eval" "eval" "withVisible" "source" 
"readLines" "paste" "getTextFiles" "getTextDir" "eval" "eval" "withVisible" "source" 
"readLines" "paste" "getTextFiles" "getTextDir" "eval" "eval" "withVisible" "source" 
"readLines" "paste" "getTextFiles" "getTextDir" "eval" "eval" "withVisible" "source" 
"options" "getOption" "file" "readLines" "paste" "getTextFiles" "getTextDir" "eval" "eval" "withVisible" "source" 
"readLines" "paste" "getTextFiles" "getTextDir" "eval" "eval" "withVisible" "source" 
"readLines" "paste" "getTextFiles" "getTextDir" "eval" "eval" "withVisible" "source" 
"close.connection" "close" "readLines" "paste" "getTextFiles" "getTextDir" "eval" "eval" "withVisible" "source" 
"readLines" "paste" "getTextFiles" "getTextDir" "eval" "eval" "withVisible" "source" 
"paste" "getTextFiles" "getTextDir" "eval" "eval" "withVisible" "source" 
"file" "readLines" "paste" "getTextFiles" "getTextDir" "eval" "eval" "withVisible" "source" 
"file" "readLines" "paste" "getTextFiles" "getTextDir" "eval" "eval" "withVisible" "source" 
"strsplit" "getRootFileNames" "ifelse" "getTextFiles" "getTextDir" "eval" "eval" "withVisible" "source" 
"FUN" "lapply" "sapply" "getRootFileNames" "ifelse" "getTextFiles" "getTextDir" "eval" "eval" "withVisible" "source" 
"is" "doTryCatch" "tryCatchOne" "tryCatchList" "tryCatch" ".rs.valueDescription" "<Anonymous>" 
"exists" "namespaceImportFrom" "namespaceImport" "loadNamespace" "asNamespace" "namespaceImportFrom" "loadNamespace" "doTryCatch" "tryCatchOne" "tryCatchList" "tryCatch" "try" "library" "doTryCatch" "tryCatchOne" "tryCatchList" "tryCatch" "require" "document" 
"lazyLoadDBfetch" "<Anonymous>" "lazyLoadDBfetch" "<Anonymous>" "lazyLoadDBfetch" "<Anonymous>" "lazyLoadDBfetch" "get" "objects" ".mergeMethodsTable" ".updateMethodsInTable" "<Anonymous>" "loadNamespace" "asNamespace" "namespaceImportFrom" "loadNamespace" "doTryCatch" "tryCatchOne" "tryCatchList" "tryCatch" "try" "library" "doTryCatch" "tryCatchOne" "tryCatchList" "tryCatch" "require" "document" 
"possibleExtends" "is" ".checkGroupSigLength" "Recall" ".checkGroupSigLength" ".updateMethodsInTable" ".updateMethodsInTable" ".updateMethodsInTable" "<Anonymous>" "loadNamespace" "asNamespace" "namespaceImportFrom" "loadNamespace" "doTryCatch" "tryCatchOne" "tryCatchList" "tryCatch" "try" "library" "doTryCatch" "tryCatchOne" "tryCatchList" "tryCatch" "require" "document" 
"exists" "getGeneric" ".recMembers" "Recall" ".recMembers" "getGroupMembers" ".checkGroupSigLength" "Recall" ".checkGroupSigLength" ".updateMethodsInTable" ".updateMethodsInTable" ".updateMethodsInTable" "<Anonymous>" "loadNamespace" "asNamespace" "namespaceImportFrom" "loadNamespace" "doTryCatch" "tryCatchOne" "tryCatchList" "tryCatch" "try" "library" "doTryCatch" "tryCatchOne" "tryCatchList" "tryCatch" "require" "document" 
"match" "%in%" ".getGeneric" "getGeneric" ".recMembers" "getGroupMembers" ".checkGroupSigLength" "Recall" ".checkGroupSigLength" ".updateMethodsInTable" ".updateMethodsInTable" ".updateMethodsInTable" "<Anonymous>" "loadNamespace" "asNamespace" "namespaceImportFrom" "loadNamespace" "doTryCatch" "tryCatchOne" "tryCatchList" "tryCatch" "try" "library" "doTryCatch" "tryCatchOne" "tryCatchList" "tryCatch" "require" "document" 
"is" ".checkGroupSigLength" "Recall" ".checkGroupSigLength" ".updateMethodsInTable" ".updateMethodsInTable" ".updateMethodsInTable" "<Anonymous>" "loadNamespace" "asNamespace" "namespaceImportFrom" "loadNamespace" "doTryCatch" "tryCatchOne" "tryCatchList" "tryCatch" "try" "library" "doTryCatch" "tryCatchOne" "tryCatchList" "tryCatch" "require" "document" 
".getClassFromCache" "getClassDef" "is" ".recMembers" "Recall" ".recMembers" "getGroupMembers" ".checkGroupSigLength" "Recall" ".checkGroupSigLength" ".updateMethodsInTable" ".updateMethodsInTable" ".updateMethodsInTable" "<Anonymous>" "loadNamespace" "asNamespace" "namespaceImportFrom" "loadNamespace" "doTryCatch" "tryCatchOne" "tryCatchList" "tryCatch" "try" "library" "doTryCatch" "tryCatchOne" "tryCatchList" "tryCatch" "require" "document" 
".getClassFromCache" "getClassDef" "is" ".recMembers" "Recall" ".recMembers" "getGroupMembers" ".checkGroupSigLength" "Recall" ".checkGroupSigLength" ".updateMethodsInTable" ".updateMethodsInTable" ".updateMethodsInTable" "<Anonymous>" "loadNamespace" "asNamespace" "namespaceImportFrom" "loadNamespace" "doTryCatch" "tryCatchOne" "tryCatchList" "tryCatch" "try" "library" "doTryCatch" "tryCatchOne" "tryCatchList" "tryCatch" "require" "document" 
".getClassFromCache" "getClassDef" "is" ".recMembers" "Recall" ".recMembers" "getGroupMembers" ".checkGroupSigLength" "Recall" ".checkGroupSigLength" ".updateMethodsInTable" ".updateMethodsInTable" ".updateMethodsInTable" "<Anonymous>" "loadNamespace" "asNamespace" "namespaceImportFrom" "loadNamespace" "doTryCatch" "tryCatchOne" "tryCatchList" "tryCatch" "try" "library" "doTryCatch" "tryCatchOne" "tryCatchList" "tryCatch" "require" "document" 
".getClassFromCache" "getClassDef" "is" ".recMembers" "Recall" ".recMembers" "getGroupMembers" ".checkGroupSigLength" "Recall" ".checkGroupSigLength" ".updateMethodsInTable" ".updateMethodsInTable" ".updateMethodsInTable" "<Anonymous>" "loadNamespace" "asNamespace" "namespaceImportFrom" "loadNamespace" "doTryCatch" "tryCatchOne" "tryCatchList" "tryCatch" "try" "library" "doTryCatch" "tryCatchOne" "tryCatchList" "tryCatch" "require" "document" 
"match" "elNamed" "genericForPrimitive" "getGeneric" ".recMembers" "Recall" ".recMembers" "getGroupMembers" ".checkGroupSigLength" "Recall" ".checkGroupSigLength" ".updateMethodsInTable" ".updateMethodsInTable" ".updateMethodsInTable" "<Anonymous>" "loadNamespace" "asNamespace" "namespaceImportFrom" "loadNamespace" "doTryCatch" "tryCatchOne" "tryCatchList" "tryCatch" "try" "library" "doTryCatch" "tryCatchOne" "tryCatchList" "tryCatch" "require" "document" 
"gettext" "namespaceImportFrom" "loadNamespace" "doTryCatch" "tryCatchOne" "tryCatchList" "tryCatch" "try" "library" "doTryCatch" "tryCatchOne" "tryCatchList" "tryCatch" "require" "document" 
"objects" "match" "checkConflicts" "library" "doTryCatch" "tryCatchOne" "tryCatchList" "tryCatch" "require" "document" 
".Call" "structure" "FUN" "lapply" "unlist" "md5" "changed_files" "load_data" "load_all" "document" 
"FUN" "lapply" "unlist" "load_data" "load_all" "document" 
"FUN" "lapply" "unlist" "load_data" "load_all" "document" 
"FUN" "lapply" "unlist" "load_data" "load_all" "document" 
"FUN" "lapply" "unlist" "load_data" "load_all" "document" 
"FUN" "lapply" "unlist" "load_data" "load_all" "document" 
"FUN" "lapply" "unlist" "load_data" "load_all" "document" 
"FUN" "lapply" "unlist" "load_data" "load_all" "document" 
"[" "srcfilecopy" "source_one" "source_many" "force" "in_dir" "load_code" "load_all" "document" 
"file.info" "srcfilecopy" "parse" "parseNamespaceFile" "parse_ns_file" "load_dll" "load_all" "document" 
"lapply" "mapply" "Map" "regmatches" "FUN" "lapply" "generate_collate" "update_collate" "roxygenise" "force" "with_collate" "force" "with_envvar" "document_roxygen3" "document" 
"re_call" "str_replace_all" "FUN" "lapply" "read.description" "identical" "update_collate" "roxygenise" "force" "with_collate" "force" "with_envvar" "document_roxygen3" "document" 
"parse" "FUN" "lapply" "parse_package" "roxygenise" "force" "with_collate" "force" "with_envvar" "document_roxygen3" "document" 
"Filter" "compact" "do.call" "re_call" "str_replace_all" "str_trim" "check_string" "str_length" "is.null.string" "tag_parser" "<Anonymous>" "mapply" "Map" "parse_elements" "parse.preref" "<Anonymous>" "mapply" "Map" "FUN" "lapply" "parse_package" "roxygenise" "force" "with_collate" "force" "with_envvar" "document_roxygen3" "document" 
"cbind" "invert_match" "FUN" "lapply" "do.call" "str_split_fixed" "parse_elements" "parse.preref" "<Anonymous>" "mapply" "Map" "FUN" "lapply" "parse_package" "roxygenise" "force" "with_collate" "force" "with_envvar" "document_roxygen3" "document" 
"all" "recyclable" "check_pattern" "str_replace_all" "str_trim" "tag_parser" "<Anonymous>" "mapply" "Map" "parse_elements" "parse.preref" "<Anonymous>" "mapply" "Map" "FUN" "lapply" "parse_package" "roxygenise" "force" "with_collate" "force" "with_envvar" "document_roxygen3" "document" 
"calls_use_method" "is_s3_generic" "add_s3_metadata" "parser" "object_from_call" "<Anonymous>" "mapply" "Map" "FUN" "lapply" "parse_package" "roxygenise" "force" "with_collate" "force" "with_envvar" "document_roxygen3" "document" 
"recyclable" "check_pattern" "str_split_fixed" "parse_elements" "parse.preref" "<Anonymous>" "mapply" "Map" "FUN" "lapply" "parse_package" "roxygenise" "force" "with_collate" "force" "with_envvar" "document_roxygen3" "document" 
"match.fun" "lapply" "unlist" "Filter" "compact" "do.call" "re_call" "str_replace_all" "str_trim" "tag_parser" "<Anonymous>" "mapply" "Map" "parse_elements" "parse.preref" "<Anonymous>" "mapply" "Map" "FUN" "lapply" "parse_package" "roxygenise" "force" "with_collate" "force" "with_envvar" "document_roxygen3" "document" 
"identical" "calls_use_method" "calls_use_method" "calls_use_method" "calls_use_method" "calls_use_method" "calls_use_method" "calls_use_method" "is_s3_generic" "add_s3_metadata" "parser" "object_from_call" "<Anonymous>" "mapply" "Map" "FUN" "lapply" "parse_package" "roxygenise" "force" "with_collate" "force" "with_envvar" "document_roxygen3" "document" 
"stopifnot" "str_trim" "check_string" "str_length" "is.null.string" "FUN" "lapply" "FUN" "lapply" "unlist" "FUN" "lapply" "unlist" "%||%" "roc_process.namespace" "roc_process" "FUN" "lapply" "unlist" "roxygenise" "force" "with_collate" "force" "with_envvar" "document_roxygen3" "document" 
"check_pattern" "str_replace_all" "nice_name" "%||%" "lapply" "unlist" "Filter" "str_c" "roclet_rd_one" "withCallingHandlers" "roc_process.had" "roc_process" "FUN" "lapply" "unlist" "roxygenise" "force" "with_collate" "force" "with_envvar" "document_roxygen3" "document" 
"stopifnot" "str_trim" "process.arguments" "add_tag" "roclet_rd_one" "withCallingHandlers" "roc_process.had" "roc_process" "FUN" "lapply" "unlist" "roxygenise" "force" "with_collate" "force" "with_envvar" "document_roxygen3" "document" 
"list" "lapply" "unlist" "Filter" "str_c" "quote_if_needed" "function_usage" "default_usage.function" "default_usage" "wrap_string" "usage_tag" "add_tag" "roclet_rd_one" "withCallingHandlers" "roc_process.had" "roc_process" "FUN" "lapply" "unlist" "roxygenise" "force" "with_collate" "force" "with_envvar" "document_roxygen3" "document" 
"match" "%in%" "structure" "fixed" "check_pattern" "str_replace_all" "nice_name" "%||%" "lapply" "unlist" "Filter" "str_c" "roclet_rd_one" "withCallingHandlers" "roc_process.had" "roc_process" "FUN" "lapply" "unlist" "roxygenise" "force" "with_collate" "force" "with_envvar" "document_roxygen3" "document" 
"nice_name" "%||%" "lapply" "unlist" "Filter" "str_c" "roclet_rd_one" "withCallingHandlers" "roc_process.had" "roc_process" "FUN" "lapply" "unlist" "roxygenise" "force" "with_collate" "force" "with_envvar" "document_roxygen3" "document" 
"lapply" "unlist" "Filter" "compact" "do.call" "re_call" "str_replace_all" "nice_name" "%||%" "lapply" "unlist" "Filter" "str_c" "roclet_rd_one" "withCallingHandlers" "roc_process.had" "roc_process" "FUN" "lapply" "unlist" "roxygenise" "force" "with_collate" "force" "with_envvar" "document_roxygen3" "document" 
"%in%" "structure" "fixed" "check_pattern" "str_replace_all" "nice_name" "%||%" "lapply" "unlist" "Filter" "str_c" "roclet_rd_one" "withCallingHandlers" "roc_process.had" "roc_process" "FUN" "lapply" "unlist" "roxygenise" "force" "with_collate" "force" "with_envvar" "document_roxygen3" "document" 
"unlist" "Filter" "compact" "do.call" "re_call" "str_replace_all" "nice_name" "%||%" "lapply" "unlist" "Filter" "str_c" "roclet_rd_one" "withCallingHandlers" "roc_process.had" "roc_process" "FUN" "lapply" "unlist" "roxygenise" "force" "with_collate" "force" "with_envvar" "document_roxygen3" "document" 
"lapply" "strwrap" "str_wrap" "format.description_tag" "FUN" "lapply" "format.rd_file" "FUN" "vapply" "roc_output.had" "roc_output" "FUN" "lapply" "unlist" "roxygenise" "force" "with_collate" "force" "with_envvar" "document_roxygen3" "document" 
"vapply" "recyclable" "check_pattern" "str_replace_all" "str_trim" "FUN" "vapply" "format_rd" "format.alias_tag" "FUN" "lapply" "format.rd_file" "FUN" "vapply" "roc_output.had" "roc_output" "FUN" "lapply" "unlist" "roxygenise" "force" "with_collate" "force" "with_envvar" "document_roxygen3" "document" 
"format.value_tag" "FUN" "lapply" "format.rd_file" "FUN" "vapply" "roc_output.had" "roc_output" "FUN" "lapply" "unlist" "roxygenise" "force" "with_collate" "force" "with_envvar" "document_roxygen3" "document" 
"strwrap" "str_wrap" "lapply" "unlist" "Filter" "str_c" "lapply" "unlist" "Filter" "str_c" "rd_tag" "format.arguments_tag" "FUN" "lapply" "format.rd_file" "FUN" "vapply" "roc_output.had" "roc_output" "FUN" "lapply" "unlist" "roxygenise" "force" "with_collate" "force" "with_envvar" "document_roxygen3" "document" 
"character" "strwrap" "wrap_command" "message" "system_check" "force" "in_dir" "R" "install" 
"list.files" "find.package" "loadNamespace" "doTryCatch" "tryCatchOne" "tryCatchList" "tryCatch" "try" "library" "doTryCatch" "tryCatchOne" "tryCatchList" "tryCatch" "require" "reload" "install" 
"list.files" "print" "getTextFiles" "getTextDir" "eval" "eval" "withVisible" "source" 
"list.files" "print" "getTextFiles" "getTextDir" "eval" "eval" "withVisible" "source" 
"print.default" "print" "getTextFiles" "getTextDir" "eval" "eval" "withVisible" "source" 
"print.default" "print" "getTextFiles" "getTextDir" "eval" "eval" "withVisible" "source" 
"paste" "getTextFiles" "getTextDir" "eval" "eval" "withVisible" "source" 
"options" "getOption" "file" "readLines" "paste" "getTextFiles" "getTextDir" "eval" "eval" "withVisible" "source" 
"paste" "getTextFiles" "getTextDir" "eval" "eval" "withVisible" "source" 
"readLines" "paste" "getTextFiles" "getTextDir" "eval" "eval" "withVisible" "source" 
"file" "readLines" "paste" "getTextFiles" "getTextDir" "eval" "eval" "withVisible" "source" 
"readLines" "paste" "getTextFiles" "getTextDir" "eval" "eval" "withVisible" "source" 
"file" "readLines" "paste" "getTextFiles" "getTextDir" "eval" "eval" "withVisible" "source" 
"readLines" "paste" "getTextFiles" "getTextDir" "eval" "eval" "withVisible" "source" 
"file" "readLines" "paste" "getTextFiles" "getTextDir" "eval" "eval" "withVisible" "source" 
"readLines" "paste" "getTextFiles" "getTextDir" "eval" "eval" "withVisible" "source" 
"readLines" "paste" "getTextFiles" "getTextDir" "eval" "eval" "withVisible" "source" 
"getTextFiles" "getTextDir" "eval" "eval" "withVisible" "source" 
"strsplit" "getRootFileNames" "ifelse" "getTextFiles" "getTextDir" "eval" "eval" "withVisible" "source" 
"min" "tail.default" "FUN" "lapply" "sapply" "getRootFileNames" "ifelse" "getTextFiles" "getTextDir" "eval" "eval" "withVisible" "source" 
"list.files" "print" "getTextFiles" "getTextDir" "eval" "eval" "withVisible" "source" 
"list.files" "print" "getTextFiles" "getTextDir" "eval" "eval" "withVisible" "source" 
"print.default" "print" "getTextFiles" "getTextDir" "eval" "eval" "withVisible" "source" 
"print.default" "print" "getTextFiles" "getTextDir" "eval" "eval" "withVisible" "source" 
"readLines" "paste" "getTextFiles" "getTextDir" "eval" "eval" "withVisible" "source" 
"paste" "getTextFiles" "getTextDir" "eval" "eval" "withVisible" "source" 
"getTextFiles" "getTextDir" "eval" "eval" "withVisible" "source" 
"readLines" "paste" "getTextFiles" "getTextDir" "eval" "eval" "withVisible" "source" 
"readLines" "paste" "getTextFiles" "getTextDir" "eval" "eval" "withVisible" "source" 
"readLines" "paste" "getTextFiles" "getTextDir" "eval" "eval" "withVisible" "source" 
"readLines" "paste" "getTextFiles" "getTextDir" "eval" "eval" "withVisible" "source" 
"readLines" "paste" "getTextFiles" "getTextDir" "eval" "eval" "withVisible" "source" 
"readLines" "paste" "getTextFiles" "getTextDir" "eval" "eval" "withVisible" "source" 
"paste" "getTextFiles" "getTextDir" "eval" "eval" "withVisible" "source" 
"readLines" "paste" "getTextFiles" "getTextDir" "eval" "eval" "withVisible" "source" 
"readLines" "paste" "getTextFiles" "getTextDir" "eval" "eval" "withVisible" "source" 
"readLines" "paste" "getTextFiles" "getTextDir" "eval" "eval" "withVisible" "source" 
"readLines" "paste" "getTextFiles" "getTextDir" "eval" "eval" "withVisible" "source" 
"sys.parent" "sys.call" "match.call" "stopifnot" "tail.default" "FUN" "lapply" "sapply" "getRootFileNames" "ifelse" "getTextFiles" "getTextDir" "eval" "eval" "withVisible" "source" 
