This is pdfTeX, Version 3.1415926-2.5-1.40.14 (TeX Live 2013) (format=pdflatex 2014.4.23)  7 MAY 2014 17:07
entering extended mode
 restricted \write18 enabled.
 %&-line parsing enabled.
**&pdflatex prv_scaling.Rnw.ini \nonstopmode\nofiles\PassOptionsToPackage{activ
e,tightpage,auctex}{preview}\AtBeginDocument{\ifx\ifPreview\undefined\RequirePa
ckage[displaymath,floats,graphics,textmath,sections,footnotes]{preview}[2004/11
/05]\fi} \input scaling.Rnw.tex
(./prv_scaling.Rnw.ini
LaTeX2e <2011/06/27>
Babel <3.9f> and hyphenation patterns for 78 languages loaded.
(/usr/local/texlive/2013/texmf-dist/tex/latex/carlisle/mylatex.ltx)
(/usr/local/texlive/2013/texmf-dist/tex/latex/tools/.tex File ignored))
No auxiliary output files.

! I can't find file `scaling.Rnw.tex'.
<*> ...iew}[2004/11/05]\fi} \input scaling.Rnw.tex
                                                  
(Press Enter to retry, or Control-D to exit)
Please type another input file name
! Emergency stop.
<*> ...iew}[2004/11/05]\fi} \input scaling.Rnw.tex
                                                  
*** (job aborted, file error in nonstop mode)

 
Here is how much of TeX's memory you used:
 25 strings out of 493315
 665 string characters out of 6137904
 52158 words of memory out of 5000000
 3569 multiletter control sequences out of 15000+600000
 3640 words of font info for 14 fonts, out of 8000000 for 9000
 957 hyphenation exceptions out of 8191
 5i,0n,5p,501b,12s stack positions out of 5000i,500n,10000p,200000b,80000s
!  ==> Fatal error occurred, no output PDF file produced!
